<?xml version="1.0" encoding="UTF-8" ?>
<testsuite tests="7" failures="0" name="iam.davidmanangan.payroll.PayrollAppTest" time="1.164" errors="0" skipped="0">
  <properties>
    <property name="java.runtime.name" value="OpenJDK Runtime Environment"/>
    <property name="java.vm.version" value="11.0.7+10-jvmci-19.3-b10"/>
    <property name="sun.boot.library.path" value="/Library/Java/JavaVirtualMachines/graalvm-ce-java11-19.3.2/Contents/Home/lib"/>
    <property name="gopherProxySet" value="false"/>
    <property name="maven.multiModuleProjectDirectory" value="/Users/davidmanangan/workspaces/july-12-workspace/payroll-workspace/Payroll"/>
    <property name="java.vm.vendor" value="GraalVM Community"/>
    <property name="java.vendor.url" value="https://www.graalvm.org/"/>
    <property name="guice.disable.misplaced.annotation.check" value="true"/>
    <property name="path.separator" value=":"/>
    <property name="java.vm.name" value="OpenJDK 64-Bit Server VM"/>
    <property name="sun.os.patch.level" value="unknown"/>
    <property name="user.country" value="SG"/>
    <property name="sun.java.launcher" value="SUN_STANDARD"/>
    <property name="java.vm.specification.name" value="Java Virtual Machine Specification"/>
    <property name="user.dir" value="/Users/davidmanangan/workspaces/july-12-workspace/payroll-workspace/Payroll"/>
    <property name="java.vm.compressedOopsMode" value="Zero based"/>
    <property name="java.runtime.version" value="11.0.7+10-jvmci-19.3-b10"/>
    <property name="java.awt.graphicsenv" value="sun.awt.CGraphicsEnvironment"/>
    <property name="os.arch" value="x86_64"/>
    <property name="java.io.tmpdir" value="/var/folders/3q/ml0062ks1zsc8xh7x7sx3zq40000gn/T/"/>
    <property name="line.separator" value="
"/>
    <property name="java.vm.specification.vendor" value="Oracle Corporation"/>
    <property name="jdk.internal.vm.ci.enabled" value="true"/>
    <property name="os.name" value="Mac OS X"/>
    <property name="classworlds.conf" value="/Users/davidmanangan/Apps/apache-maven-3.6.3/bin/m2.conf"/>
    <property name="sun.jnu.encoding" value="UTF-8"/>
    <property name="java.library.path" value="/Users/davidmanangan/Library/Java/Extensions:/Library/Java/Extensions:/Network/Library/Java/Extensions:/System/Library/Java/Extensions:/usr/lib/java:."/>
    <property name="maven.conf" value="/Users/davidmanangan/Apps/apache-maven-3.6.3/conf"/>
    <property name="jdk.debug" value="release"/>
    <property name="java.class.version" value="55.0"/>
    <property name="java.specification.name" value="Java Platform API Specification"/>
    <property name="sun.management.compiler" value="HotSpot 64-Bit Tiered Compilers"/>
    <property name="os.version" value="10.15.5"/>
    <property name="library.jansi.path" value="/Users/davidmanangan/Apps/apache-maven-3.6.3/lib/jansi-native"/>
    <property name="user.home" value="/Users/davidmanangan"/>
    <property name="user.timezone" value="Asia/Singapore"/>
    <property name="java.awt.printerjob" value="sun.lwawt.macosx.CPrinterJob"/>
    <property name="file.encoding" value="UTF-8"/>
    <property name="java.specification.version" value="11"/>
    <property name="user.name" value="davidmanangan"/>
    <property name="java.class.path" value="/Users/davidmanangan/Apps/apache-maven-3.6.3/boot/plexus-classworlds-2.6.0.jar"/>
    <property name="java.vm.specification.version" value="11"/>
    <property name="sun.arch.data.model" value="64"/>
    <property name="sun.java.command" value="org.codehaus.plexus.classworlds.launcher.Launcher clean package"/>
    <property name="java.home" value="/Library/Java/JavaVirtualMachines/graalvm-ce-java11-19.3.2/Contents/Home"/>
    <property name="user.language" value="en"/>
    <property name="java.specification.vendor" value="Oracle Corporation"/>
    <property name="awt.toolkit" value="sun.lwawt.macosx.LWCToolkit"/>
    <property name="java.vm.info" value="mixed mode, sharing"/>
    <property name="java.version" value="11.0.7"/>
    <property name="java.vendor" value="GraalVM Community"/>
    <property name="maven.home" value="/Users/davidmanangan/Apps/apache-maven-3.6.3"/>
    <property name="file.separator" value="/"/>
    <property name="java.version.date" value="2020-04-14"/>
    <property name="java.vendor.url.bug" value="https://github.com/oracle/graal/issues"/>
    <property name="sun.io.unicode.encoding" value="UnicodeBig"/>
    <property name="sun.cpu.endian" value="little"/>
    <property name="java.vendor.version" value="GraalVM CE 19.3.2"/>
    <property name="sun.cpu.isalist" value=""/>
  </properties>
  <testcase classname="iam.davidmanangan.payroll.PayrollAppTest" name="test_employee_records_with_incorrect_salary_format" time="0.773"/>
  <testcase classname="iam.davidmanangan.payroll.PayrollAppTest" name="test_employee_records_with_comments_csv_upload" time="0.089"/>
  <testcase classname="iam.davidmanangan.payroll.PayrollAppTest" name="test_employee_records_upload_with_only_the_header_information" time="0.069"/>
  <testcase classname="iam.davidmanangan.payroll.PayrollAppTest" name="test_empty_file_upload" time="0.059"/>
  <testcase classname="iam.davidmanangan.payroll.PayrollAppTest" name="test_employee_records_csv_upload" time="0.058"/>
  <testcase classname="iam.davidmanangan.payroll.PayrollAppTest" name="test_employee_records_with_negative_salary" time="0.053"/>
  <testcase classname="iam.davidmanangan.payroll.PayrollAppTest" name="test_employee_records_with_incomplete_columns" time="0.063"/>
</testsuite>